<?xml version="1.0" encoding="UTF-8"?>
<testsuite xmlns:xsi="http://www.w3.org/2001/XMLSchema-instance" xsi:noNamespaceSchemaLocation="https://maven.apache.org/surefire/maven-surefire-plugin/xsd/surefire-test-report-3.0.xsd" version="3.0" name="io.FileIOTest" time="0.775" tests="10" errors="0" skipped="0" failures="0">
  <properties>
[...]
</properties>
  <testcase name="testReadFileWithValidContent" classname="io.FileIOTest" time="0.094">
    <system-out><![CDATA[==> readFile called with: D:\Git\Semester_6\SoftwareTesting\unittesting\target\test-classes\grades_valid.txt
==> Numbers parsed: 10
]]></system-out>
  </testcase>
  <testcase name="testIOExceptionDuringRead" classname="io.FileIOTest" time="0.38">
    <system-out><![CDATA[==> readFile called with: C:\Users\Shaikhul\AppData\Local\Temp
]]></system-out>
    <system-err><![CDATA[java.io.FileNotFoundException: C:\Users\Shaikhul\AppData\Local\Temp (Access is denied)
	at java.base/java.io.FileInputStream.open0(Native Method)
	at java.base/java.io.FileInputStream.open(FileInputStream.java:216)
	at java.base/java.io.FileInputStream.<init>(FileInputStream.java:157)
	at java.base/java.io.FileReader.<init>(FileReader.java:75)
	at io.FileIO.readFile(FileIO.java:50)
	at io.FileIOTest.testIOExceptionDuringRead(FileIOTest.java:395)
	at java.base/jdk.internal.reflect.NativeMethodAccessorImpl.invoke0(Native Method)
	at java.base/jdk.internal.reflect.NativeMethodAccessorImpl.invoke(NativeMethodAccessorImpl.java:77)
	at java.base/jdk.internal.reflect.DelegatingMethodAccessorImpl.invoke(DelegatingMethodAccessorImpl.java:43)
	at java.base/java.lang.reflect.Method.invoke(Method.java:568)
	at org.junit.runners.model.FrameworkMethod$1.runReflectiveCall(FrameworkMethod.java:59)
	at org.junit.internal.runners.model.ReflectiveCallable.run(ReflectiveCallable.java:12)
	at org.junit.runners.model.FrameworkMethod.invokeExplosively(FrameworkMethod.java:56)
	at org.junit.internal.runners.statements.InvokeMethod.evaluate(InvokeMethod.java:17)
	at org.junit.internal.runners.statements.RunBefores.evaluate(RunBefores.java:26)
	at org.junit.internal.runners.statements.RunAfters.evaluate(RunAfters.java:27)
	at org.junit.contrib.java.lang.system.internal.LogPrintStream$1$1.evaluate(LogPrintStream.java:30)
	at org.junit.contrib.java.lang.system.internal.PrintStreamHandler$3.evaluate(PrintStreamHandler.java:48)
	at org.junit.contrib.java.lang.system.internal.LogPrintStream$1.evaluate(LogPrintStream.java:26)
	at org.junit.contrib.java.lang.system.internal.LogPrintStream$1$1.evaluate(LogPrintStream.java:30)
	at org.junit.contrib.java.lang.system.internal.PrintStreamHandler$3.evaluate(PrintStreamHandler.java:48)
	at org.junit.contrib.java.lang.system.internal.LogPrintStream$1.evaluate(LogPrintStream.java:26)
	at org.junit.runners.ParentRunner$3.evaluate(ParentRunner.java:306)
	at org.junit.runners.BlockJUnit4ClassRunner$1.evaluate(BlockJUnit4ClassRunner.java:100)
	at org.junit.runners.ParentRunner.runLeaf(ParentRunner.java:366)
	at org.junit.runners.BlockJUnit4ClassRunner.runChild(BlockJUnit4ClassRunner.java:103)
	at org.junit.runners.BlockJUnit4ClassRunner.runChild(BlockJUnit4ClassRunner.java:63)
	at org.junit.runners.ParentRunner$4.run(ParentRunner.java:331)
	at org.junit.runners.ParentRunner$1.schedule(ParentRunner.java:79)
	at org.junit.runners.ParentRunner.runChildren(ParentRunner.java:329)
	at org.junit.runners.ParentRunner.access$100(ParentRunner.java:66)
	at org.junit.runners.ParentRunner$2.evaluate(ParentRunner.java:293)
	at org.junit.runners.ParentRunner$3.evaluate(ParentRunner.java:306)
	at org.junit.runners.ParentRunner.run(ParentRunner.java:413)
	at org.apache.maven.surefire.junit4.JUnit4Provider.execute(JUnit4Provider.java:377)
	at org.apache.maven.surefire.junit4.JUnit4Provider.executeWithRerun(JUnit4Provider.java:284)
	at org.apache.maven.surefire.junit4.JUnit4Provider.executeTestSet(JUnit4Provider.java:248)
	at org.apache.maven.surefire.junit4.JUnit4Provider.invoke(JUnit4Provider.java:167)
	at org.apache.maven.surefire.booter.ForkedBooter.runSuitesInProcess(ForkedBooter.java:456)
	at org.apache.maven.surefire.booter.ForkedBooter.execute(ForkedBooter.java:169)
	at org.apache.maven.surefire.booter.ForkedBooter.run(ForkedBooter.java:595)
	at org.apache.maven.surefire.booter.ForkedBooter.main(ForkedBooter.java:581)
]]></system-err>
  </testcase>
  <testcase name="testNonExistentFileMessage" classname="io.FileIOTest" time="0.009">
    <system-out><![CDATA[==> readFile called with: non_existent_file.txt
==> File does not exist
]]></system-out>
  </testcase>
  <testcase name="testOnlyInvalidLinesPrintsEmptyMessage" classname="io.FileIOTest" time="0.026">
    <system-out><![CDATA[==> readFile called with: D:\Git\Semester_6\SoftwareTesting\unittesting\target\test-classes\only_invalid.txt
==> Invalid number skipped: abc
==> Invalid number skipped: !
==> Invalid number skipped: hello
==> Invalid number skipped: NaN
==> File was empty
]]></system-out>
  </testcase>
  <testcase name="testReadFileWithSingleLine" classname="io.FileIOTest" time="0.012">
    <system-out><![CDATA[==> readFile called with: C:\Users\Shaikhul\AppData\Local\Temp\test2143072118789405026.txt
==> Numbers parsed: 1
]]></system-out>
  </testcase>
  <testcase name="testFileWithOnlyInvalidLines" classname="io.FileIOTest" time="0.03">
    <system-out><![CDATA[==> readFile called with: D:\Git\Semester_6\SoftwareTesting\unittesting\target\test-classes\only_invalid.txt
==> Invalid number skipped: abc
==> Invalid number skipped: !
==> Invalid number skipped: hello
==> Invalid number skipped: NaN
==> File was empty
]]></system-out>
  </testcase>
  <testcase name="testReadFileLogsInputPath" classname="io.FileIOTest" time="0.019">
    <system-out><![CDATA[==> readFile called with: C:\Users\Shaikhul\AppData\Local\Temp\logtest10914143507835718465.txt
==> Numbers parsed: 1
]]></system-out>
  </testcase>
  <testcase name="testReadEmptyFileThrowsException" classname="io.FileIOTest" time="0.014">
    <system-out><![CDATA[==> readFile called with: D:\Git\Semester_6\SoftwareTesting\unittesting\target\test-classes\empty_file.txt
==> File was empty
]]></system-out>
  </testcase>
  <testcase name="testFileWithBlankLinesOnly" classname="io.FileIOTest" time="0.03">
    <system-out><![CDATA[==> readFile called with: D:\Git\Semester_6\SoftwareTesting\unittesting\target\test-classes\blank_lines.txt
==> Invalid number skipped: 
==> Invalid number skipped: 
==> Invalid number skipped: 
==> Invalid number skipped: 
==> Invalid number skipped: 
==> File was empty
]]></system-out>
  </testcase>
  <testcase name="testReadFileWithInvalidContent" classname="io.FileIOTest" time="0.019">
    <system-out><![CDATA[==> readFile called with: D:\Git\Semester_6\SoftwareTesting\unittesting\target\test-classes\grades_invalid.txt
==> Invalid number skipped: a
==> Invalid number skipped: xyz
==> Numbers parsed: 7
]]></system-out>
  </testcase>
</testsuite>