<?xml version="1.0" encoding="UTF-8"?>
<testsuite xmlns:xsi="http://www.w3.org/2001/XMLSchema-instance" xsi:noNamespaceSchemaLocation="https://maven.apache.org/surefire/maven-surefire-plugin/xsd/surefire-test-report-3.0.xsd" version="3.0" name="math.ArithmeticOperationsTest" time="0.003" tests="11" errors="0" skipped="0" failures="0">
  <properties>
[...]
</properties>
  <testcase name="testMultiplyWithNegativeYThrowsException" classname="math.ArithmeticOperationsTest" time="0"/>
  <testcase name="dividebyzero" classname="math.ArithmeticOperationsTest" time="0"/>
  <testcase name="testMultiplyWithNegativeXThrowsException" classname="math.ArithmeticOperationsTest" time="0"/>
  <testcase name="divide" classname="math.ArithmeticOperationsTest" time="0"/>
  <testcase name="testwithoverflowException" classname="math.ArithmeticOperationsTest" time="0"/>
  <testcase name="testDivideFloatingPointPrecision" classname="math.ArithmeticOperationsTest" time="0.001"/>
  <testcase name="testMultiplyWhenYIsZero" classname="math.ArithmeticOperationsTest" time="0"/>
  <testcase name="testMultiplyWithMaxBoundary" classname="math.ArithmeticOperationsTest" time="0"/>
  <testcase name="testMultiplyExceedingMaxBoundary" classname="math.ArithmeticOperationsTest" time="0"/>
  <testcase name="multiplywithPositiveNumber" classname="math.ArithmeticOperationsTest" time="0.001"/>
  <testcase name="testMultiplyWithZero" classname="math.ArithmeticOperationsTest" time="0"/>
</testsuite>